<?xml version="1.0" encoding="UTF-8"?>
<testng-results ignored="0" total="1" passed="1" failed="0" skipped="0">
  <reporter-output>
  </reporter-output>
  <suite started-at="2022-07-21T08:31:37 IST" name="Default suite" finished-at="2022-07-21T08:31:38 IST" duration-ms="1449">
    <groups>
    </groups>
    <test started-at="2022-07-21T08:31:37 IST" name="Default test" finished-at="2022-07-21T08:31:38 IST" duration-ms="1449">
      <class name="SumValidation">
        <test-method signature="sumofCourses()[pri:0, instance:SumValidation@4ac3c60d]" started-at="2022-07-21T08:31:37 IST" name="sumofCourses" finished-at="2022-07-21T08:31:38 IST" duration-ms="1401" status="PASS">
          <reporter-output>
          </reporter-output>
        </test-method> <!-- sumofCourses -->
      </class> <!-- SumValidation -->
    </test> <!-- Default test -->
  </suite> <!-- Default suite -->
</testng-results>
